<?xml version="1.0" encoding="UTF-8"?>
<!-- Generated by org.testng.reporters.JUnitXMLReporter -->
<testsuite hostname="DESKTOP-1I7T66E" failures="0" tests="9" name="Default test" time="104.316" errors="0" timestamp="30 Nov 2022 15:17:51 GMT">
  <testcase classname="testng1.testcases" name="test1" time="4.23"/>
  <testcase classname="testng1.testcases" name="test2" time="3.694"/>
  <testcase classname="testng1.testcases" name="test3" time="10.302"/>
  <testcase classname="testng1.testcases" name="test4" time="21.737"/>
  <testcase classname="testng1.testcases" name="test5" time="10.252"/>
  <testcase classname="testng1.testcases" name="test6" time="5.611"/>
  <testcase classname="testng1.testcases" name="test7" time="4.189"/>
  <testcase classname="testng1.testcases" name="test8" time="8.6"/>
  <testcase classname="testng1.testcases" name="test9" time="10.326"/>
</testsuite> <!-- Default test -->
